0 info it worked if it ends with ok
1 verbose cli [ '/usr/bin/node', '/usr/bin/npm', 'install', 'three', '--save' ]
2 info using npm@3.10.10
3 info using node@v6.12.0
4 silly loadCurrentTree Starting
5 silly install loadCurrentTree
6 silly install readLocalPackageData
7 silly fetchPackageMetaData three
8 silly fetchNamedPackageData three
9 silly mapToRegistry name three
10 silly mapToRegistry using default registry
11 silly mapToRegistry registry https://registry.npmjs.org/
12 silly mapToRegistry data Result {
12 silly mapToRegistry   raw: 'three',
12 silly mapToRegistry   scope: null,
12 silly mapToRegistry   escapedName: 'three',
12 silly mapToRegistry   name: 'three',
12 silly mapToRegistry   rawSpec: '',
12 silly mapToRegistry   spec: 'latest',
12 silly mapToRegistry   type: 'tag' }
13 silly mapToRegistry uri https://registry.npmjs.org/three
14 verbose request uri https://registry.npmjs.org/three
15 verbose request no auth needed
16 info attempt registry request try #1 at 9:34:15 PM
17 verbose request id 224018d37b5dede2
18 http request GET https://registry.npmjs.org/three
19 http 200 https://registry.npmjs.org/three
20 verbose headers { 'content-type': 'application/json; charset=UTF-8',
20 verbose headers   server: 'UploadServer',
20 verbose headers   'cache-control': 'max-age=300',
20 verbose headers   'last-modified': 'Thu, 11 Jan 2018 8:23:58 GMT',
20 verbose headers   etag: '"5a571f1e-335ad"',
20 verbose headers   'content-encoding': 'gzip',
20 verbose headers   'content-length': '15746',
20 verbose headers   'accept-ranges': 'bytes',
20 verbose headers   date: 'Wed, 31 Jan 2018 13:34:18 GMT',
20 verbose headers   via: '1.1 varnish',
20 verbose headers   age: '3159',
20 verbose headers   connection: 'keep-alive',
20 verbose headers   'x-served-by': 'cache-lax8644-LAX',
20 verbose headers   'x-cache': 'HIT',
20 verbose headers   'x-cache-hits': '1',
20 verbose headers   'x-timer': 'S1517405658.492078,VS0,VE1',
20 verbose headers   vary: 'Accept-Encoding, Accept' }
21 silly get cb [ 200,
21 silly get   { 'content-type': 'application/json; charset=UTF-8',
21 silly get     server: 'UploadServer',
21 silly get     'cache-control': 'max-age=300',
21 silly get     'last-modified': 'Thu, 11 Jan 2018 8:23:58 GMT',
21 silly get     etag: '"5a571f1e-335ad"',
21 silly get     'content-encoding': 'gzip',
21 silly get     'content-length': '15746',
21 silly get     'accept-ranges': 'bytes',
21 silly get     date: 'Wed, 31 Jan 2018 13:34:18 GMT',
21 silly get     via: '1.1 varnish',
21 silly get     age: '3159',
21 silly get     connection: 'keep-alive',
21 silly get     'x-served-by': 'cache-lax8644-LAX',
21 silly get     'x-cache': 'HIT',
21 silly get     'x-cache-hits': '1',
21 silly get     'x-timer': 'S1517405658.492078,VS0,VE1',
21 silly get     vary: 'Accept-Encoding, Accept' } ]
22 verbose get saving three to /home/stone/.npm/registry.npmjs.org/three/.cache.json
23 verbose correctMkdir /home/stone/.npm correctMkdir not in flight; initializing
24 silly install normalizeTree
25 silly loadCurrentTree Finishing
26 silly loadIdealTree Starting
27 silly install loadIdealTree
28 silly cloneCurrentTree Starting
29 silly install cloneCurrentTreeToIdealTree
30 silly cloneCurrentTree Finishing
31 silly loadShrinkwrap Starting
32 silly install loadShrinkwrap
33 silly loadShrinkwrap Finishing
34 silly loadAllDepsIntoIdealTree Starting
35 silly install loadAllDepsIntoIdealTree
36 silly resolveWithNewModule three@0.89.0 checking installable status
37 silly cache add args [ 'three', null ]
38 verbose cache add spec three
39 silly cache add parsed spec Result {
39 silly cache add   raw: 'three',
39 silly cache add   scope: null,
39 silly cache add   escapedName: 'three',
39 silly cache add   name: 'three',
39 silly cache add   rawSpec: '',
39 silly cache add   spec: 'latest',
39 silly cache add   type: 'tag' }
40 silly addNamed three@latest
41 verbose addNamed "latest" is being treated as a dist-tag for three
42 info addNameTag [ 'three', 'latest' ]
43 silly mapToRegistry name three
44 silly mapToRegistry using default registry
45 silly mapToRegistry registry https://registry.npmjs.org/
46 silly mapToRegistry data Result {
46 silly mapToRegistry   raw: 'three',
46 silly mapToRegistry   scope: null,
46 silly mapToRegistry   escapedName: 'three',
46 silly mapToRegistry   name: 'three',
46 silly mapToRegistry   rawSpec: '',
46 silly mapToRegistry   spec: 'latest',
46 silly mapToRegistry   type: 'tag' }
47 silly mapToRegistry uri https://registry.npmjs.org/three
48 verbose addNameTag registry:https://registry.npmjs.org/three not in flight; fetching
49 verbose get https://registry.npmjs.org/three not expired, no request
50 silly addNameTag next cb for three with tag latest
51 silly addNamed three@0.89.0
52 verbose addNamed "0.89.0" is a plain semver version for three
53 silly mapToRegistry name three
54 silly mapToRegistry using default registry
55 silly mapToRegistry registry https://registry.npmjs.org/
56 silly mapToRegistry data Result {
56 silly mapToRegistry   raw: 'three',
56 silly mapToRegistry   scope: null,
56 silly mapToRegistry   escapedName: 'three',
56 silly mapToRegistry   name: 'three',
56 silly mapToRegistry   rawSpec: '',
56 silly mapToRegistry   spec: 'latest',
56 silly mapToRegistry   type: 'tag' }
57 silly mapToRegistry uri https://registry.npmjs.org/three
58 verbose addRemoteTarball https://registry.npmjs.org/three/-/three-0.89.0.tgz not in flight; adding
59 verbose addRemoteTarball [ 'https://registry.npmjs.org/three/-/three-0.89.0.tgz',
59 verbose addRemoteTarball   '4442d819a6168871b8d2cb37ad12a24310c170f5' ]
60 info retry fetch attempt 1 at 9:34:22 PM
61 info attempt registry request try #1 at 9:34:22 PM
62 http fetch GET https://registry.npmjs.org/three/-/three-0.89.0.tgz
63 http fetch 200 https://registry.npmjs.org/three/-/three-0.89.0.tgz
64 info retry will retry, error on last attempt: Error: read ECONNRESET
65 silly fetchAndShaCheck shasum 4442d819a6168871b8d2cb37ad12a24310c170f5
66 silly rollbackFailedOptional Starting
67 silly rollbackFailedOptional Finishing
68 silly runTopLevelLifecycles Finishing
69 silly install printInstalled
70 verbose stack Error: shasum check failed for /tmp/npm-17127-d7dcd337/registry.npmjs.org/three/-/three-0.89.0.tgz
70 verbose stack Expected: 4442d819a6168871b8d2cb37ad12a24310c170f5
70 verbose stack Actual:   54fcacac3ea052f81076a52ea8ccca259acad6ba
70 verbose stack From:     https://registry.npmjs.org/three/-/three-0.89.0.tgz
70 verbose stack     at /usr/lib/node_modules/npm/node_modules.bundled/sha/index.js:25:8
70 verbose stack     at ReadStream.<anonymous> (/usr/lib/node_modules/npm/node_modules.bundled/sha/index.js:72:7)
70 verbose stack     at emitNone (events.js:91:20)
70 verbose stack     at ReadStream.emit (events.js:185:7)
70 verbose stack     at endReadableNT (_stream_readable.js:974:12)
70 verbose stack     at _combinedTickCallback (internal/process/next_tick.js:80:11)
70 verbose stack     at process._tickCallback (internal/process/next_tick.js:104:9)
71 verbose cwd /home/stone/source/javascript/tuogame
72 error Linux 4.11.6-201.fc25.x86_64
73 error argv "/usr/bin/node" "/usr/bin/npm" "install" "three" "--save"
74 error node v6.12.0
75 error npm  v3.10.10
76 error shasum check failed for /tmp/npm-17127-d7dcd337/registry.npmjs.org/three/-/three-0.89.0.tgz
76 error Expected: 4442d819a6168871b8d2cb37ad12a24310c170f5
76 error Actual:   54fcacac3ea052f81076a52ea8ccca259acad6ba
76 error From:     https://registry.npmjs.org/three/-/three-0.89.0.tgz
77 error If you need help, you may report this error at:
77 error     <https://github.com/npm/npm/issues>
78 verbose exit [ 1, true ]
